Arguments: 
  /home/juam/.asdf/installs/nodejs/16.2.0/bin/node /home/juam/.asdf/installs/yarn/1.22.10/bin/yarn.js init

PATH: 
  /home/juam/.asdf/installs/nodejs/16.2.0/.npm/bin:/home/juam/.asdf/installs/nodejs/16.2.0/bin:/home/juam/.asdf/installs/yarn/1.22.10/bin:/home/juam/.asdf/shims:/home/juam/.asdf/bin:/usr/local/sbin:/usr/local/bin:/usr/sbin:/usr/bin:/sbin:/bin:/usr/games:/usr/local/games:/usr/lib/wsl/lib:/mnt/c/Program Files/Common Files/Oracle/Java/javapath:/mnt/c/Windows/system32:/mnt/c/Windows:/mnt/c/Windows/System32/Wbem:/mnt/c/Windows/System32/WindowsPowerShell/v1.0/:/mnt/c/Windows/System32/OpenSSH/:/mnt/c/ProgramData/chocolatey/bin:/mnt/c/Program Files/nodejs/:/mnt/c/Program Files/dotnet/:/mnt/c/Program Files/Git/cmd:/mnt/c/Program Files/Docker/Docker/resources/bin:/mnt/c/ProgramData/DockerDesktop/version-bin:/mnt/c/Program Files/Microsoft SQL Server/150/Tools/Binn/:/mnt/c/Program Files/Microsoft SQL Server/Client SDK/ODBC/170/Tools/Binn/:/mnt/c/Users/Joao/AppData/Local/Programs/Python/Python39/Scripts/:/mnt/c/Users/Joao/AppData/Local/Programs/Python/Python39/:/mnt/c/Users/Joao/AppData/Local/Microsoft/WindowsApps:/mnt/c/Users/Joao/AppData/Local/Programs/Microsoft VS Code/bin:/mnt/c/Users/Joao/AppData/Roaming/npm:/mnt/c/Program Files/Java/jdk-16.0.1/bin:/mnt/c/Program Files/JetBrains/IntelliJ IDEA Community Edition 2021.2/bin:/mnt/c/Program Files/JetBrains/DataGrip 2021.2/bin:/mnt/c/Users/Joao/.dotnet/tools

Yarn version: 
  1.22.10

Node version: 
  16.2.0

Platform: 
  linux x64

Trace: 
  Error: canceled
      at Interface.<anonymous> (/home/juam/.asdf/installs/yarn/1.22.10/lib/cli.js:137009:13)
      at Interface.emit (node:events:365:28)
      at Interface._ttyWrite (node:readline:1069:16)
      at ReadStream.onkeypress (node:readline:288:10)
      at ReadStream.emit (node:events:365:28)
      at emitKeys (node:internal/readline/utils:358:14)
      at emitKeys.next (<anonymous>)
      at ReadStream.onData (node:internal/readline/emitKeypressEvents:61:36)
      at ReadStream.emit (node:events:365:28)
      at addChunk (node:internal/streams/readable:314:12)

npm manifest: 
  No manifest

yarn manifest: 
  No manifest

Lockfile: 
  No lockfile
